<?xml version="1.0" encoding="UTF-8"?>
<!-- Generated by org.testng.reporters.JUnitReportReporter -->
<testsuite skipped="0" hostname="DIN66008786" name="com.crm.qa.testcases.LoginPageTest" tests="1" failures="0" timestamp="26 Jul 2018 13:01:54 GMT" time="19.082" errors="0">
  <testcase name="loginTest" time="19.082" classname="com.crm.qa.testcases.LoginPageTest"/>
</testsuite> <!-- com.crm.qa.testcases.LoginPageTest -->
